<?xml version="1.0" encoding="UTF-8"?>
<!-- Generated by org.testng.reporters.JUnitReportReporter -->
<testsuite skipped="0" hostname="PinkPrincess-PC" name="testcases.TypeProductNameAndClickonSearchButton" tests="1" failures="0" timestamp="26 Jan 2018 05:28:14 GMT" time="0.251" errors="0">
  <testcase name="EnterProductNAme" time="0.251" classname="testcases.TypeProductNameAndClickonSearchButton"/>
</testsuite> <!-- testcases.TypeProductNameAndClickonSearchButton -->
