<?xml version="1.0" encoding="UTF-8"?>
<!-- Generated by org.testng.reporters.JUnitReportReporter -->
<testsuite skipped="0" hostname="PinkPrincess-PC" name="testcases.testbase" tests="1" failures="0" timestamp="24 Jan 2018 05:49:09 GMT" time="0.017" errors="0">
  <testcase name="testmethod" time="0.017" classname="testcases.testbase"/>
</testsuite> <!-- testcases.testbase -->
