<?xml version="1.0" encoding="UTF-8"?>
<!-- Generated by org.testng.reporters.JUnitReportReporter -->
<testsuite skipped="0" hostname="PinkPrincess-PC" name="testcases.TypeProductNameAndClickonSearchButton" tests="1" failures="0" timestamp="01 Feb 2018 19:23:46 GMT" time="15.509" errors="0">
  <testcase name="EnterProductNAme" time="15.509" classname="testcases.TypeProductNameAndClickonSearchButton"/>
</testsuite> <!-- testcases.TypeProductNameAndClickonSearchButton -->
